<?xml version="1.0" encoding="UTF-8"?>
<!-- Generated by org.testng.reporters.JUnitReportReporter -->
<testsuite hostname="Mo-Gad" failures="0" tests="1" name="Tests.AutomationDemo" time="27.480" errors="0" timestamp="2024-03-06T23:56:59 EET" skipped="0">
  <testcase classname="Tests.AutomationDemo" name="loginSuccessfully" time="27.480"/>
  <system-out/>
</testsuite> <!-- Tests.AutomationDemo -->
