<?xml version="1.0" encoding="UTF-8"?>
<!-- Generated by org.testng.reporters.JUnitReportReporter -->
<testsuite hostname="Mo-Gad" failures="0" tests="3" name="Tests.AutomationDemo" time="25.279" errors="0" timestamp="2024-03-08T01:05:57 EET" skipped="2">
  <testcase classname="Tests.AutomationDemo" name="getNumberOfRecordsFound" time="25.279"/>
  <system-out/>
  <testcase classname="Tests.AutomationDemo" name="searchForaddedUserSuccessfully">
    <skipped/>
  </testcase> <!-- searchForaddedUserSuccessfully -->
  <system-out/>
  <testcase classname="Tests.AutomationDemo" name="addNewRecord">
    <skipped/>
  </testcase> <!-- addNewRecord -->
  <system-out/>
</testsuite> <!-- Tests.AutomationDemo -->
